#
# There is insufficient memory for the Java Runtime Environment to continue.
# Native memory allocation (malloc) failed to allocate 554736 bytes for Chunk::new
# Possible reasons:
#   The system is out of physical RAM or swap space
#   In 32 bit mode, the process size limit was hit
# Possible solutions:
#   Reduce memory load on the system
#   Increase physical memory or swap space
#   Check if swap backing store is full
#   Use 64 bit Java on a 64 bit OS
#   Decrease Java heap size (-Xmx/-Xms)
#   Decrease number of Java threads
#   Decrease Java thread stack sizes (-Xss)
#   Set larger code cache with -XX:ReservedCodeCacheSize=
# This output file may be truncated or incomplete.
#
#  Out of Memory Error (allocation.cpp:390), pid=4264, tid=5992
#
# JRE version: Java(TM) SE Runtime Environment (8.0_40-b26) (build 1.8.0_40-b26)
# Java VM: Java HotSpot(TM) 64-Bit Server VM (25.40-b25 mixed mode windows-amd64 compressed oops)
# Failed to write core dump. Minidumps are not enabled by default on client versions of Windows
#

---------------  T H R E A D  ---------------

Current thread (0x0000000014806800):  JavaThread "C2 CompilerThread1" daemon [_thread_in_native, id=5992, stack(0x0000000015e50000,0x0000000015f50000)]

Stack: [0x0000000015e50000,0x0000000015f50000]
Native frames: (J=compiled Java code, j=interpreted, Vv=VM code, C=native code)
V  [jvm.dll+0x32b47a]


Current CompileTask:
C2:   2328 1946       4       com.android.dx.merge.DexMerger::transformCode (252 bytes)


---------------  P R O C E S S  ---------------

Java Threads: ( => current thread )
  0x0000000015fd4000 JavaThread "Service Thread" daemon [_thread_blocked, id=6828, stack(0x0000000016450000,0x0000000016550000)]
  0x000000001480a800 JavaThread "C1 CompilerThread2" daemon [_thread_blocked, id=7008, stack(0x0000000016350000,0x0000000016450000)]
=>0x0000000014806800 JavaThread "C2 CompilerThread1" daemon [_thread_in_native, id=5992, stack(0x0000000015e50000,0x0000000015f50000)]
  0x00000000147fb800 JavaThread "C2 CompilerThread0" daemon [_thread_in_native, id=3296, stack(0x0000000015d50000,0x0000000015e50000)]
  0x00000000147f8800 JavaThread "Attach Listener" daemon [_thread_blocked, id=6048, stack(0x0000000015c50000,0x0000000015d50000)]
  0x00000000147a8800 JavaThread "Signal Dispatcher" daemon [_thread_blocked, id=504, stack(0x0000000015b50000,0x0000000015c50000)]
  0x00000000020a6800 JavaThread "Finalizer" daemon [_thread_blocked, id=1068, stack(0x0000000015a20000,0x0000000015b20000)]
  0x000000000209d800 JavaThread "Reference Handler" daemon [_thread_blocked, id=5336, stack(0x0000000015920000,0x0000000015a20000)]
  0x0000000001e9e000 JavaThread "main" [_thread_blocked, id=3300, stack(0x0000000001eb0000,0x0000000001fb0000)]

Other Threads:
  0x0000000014778000 VMThread [stack: 0x0000000015820000,0x0000000015920000] [id=6644]
  0x0000000015fe7000 WatcherThread [stack: 0x0000000016550000,0x0000000016650000] [id=6252]

VM state:not at safepoint (normal execution)

VM Mutex/Monitor currently owned by a thread: None

Heap:
 PSYoungGen      total 40448K, used 12263K [0x00000000eab00000, 0x00000000efa00000, 0x0000000100000000)
  eden space 32768K, 16% used [0x00000000eab00000,0x00000000eb022730,0x00000000ecb00000)
  from space 7680K, 91% used [0x00000000ef280000,0x00000000ef957680,0x00000000efa00000)
  to   space 2560K, 0% used [0x00000000ecb00000,0x00000000ecb00000,0x00000000ecd80000)
 ParOldGen       total 44032K, used 17327K [0x00000000c0000000, 0x00000000c2b00000, 0x00000000eab00000)
  object space 44032K, 39% used [0x00000000c0000000,0x00000000c10ebc40,0x00000000c2b00000)
 Metaspace       used 7294K, capacity 7768K, committed 8064K, reserved 1056768K
  class space    used 733K, capacity 784K, committed 896K, reserved 1048576K

Card table byte_map: [0x0000000011480000,0x0000000011690000] byte_map_base: 0x0000000010e80000

Marking Bits: (ParMarkBitMap*) 0x0000000072c34040
 Begin Bits: [0x0000000011bf0000, 0x0000000012bf0000)
 End Bits:   [0x0000000012bf0000, 0x0000000013bf0000)

Polling page: 0x0000000001e70000

CodeCache: size=245760Kb used=6152Kb max_used=6161Kb free=239607Kb
 bounds [0x00000000020c0000, 0x00000000026d0000, 0x00000000110c0000]
 total_blobs=2245 nmethods=1953 adapters=205
 compilation: enabled

Compilation events (10 events):
Event: 2.226 Thread 0x000000001480a800 1985       2       com.android.dx.io.instructions.InstructionCodec$32::decode (74 bytes)
Event: 2.228 Thread 0x000000001480a800 nmethod 1985 0x00000000026c4c10 code [0x00000000026c4e40, 0x00000000026c5878]
Event: 2.228 Thread 0x000000001480a800 1986       2       com.android.dx.io.instructions.InstructionCodec$32::encode (95 bytes)
Event: 2.229 Thread 0x0000000014806800 nmethod 1918 0x00000000026c6590 code [0x00000000026c67c0, 0x00000000026c8348]
Event: 2.229 Thread 0x000000001480a800 nmethod 1986 0x00000000026c3d10 code [0x00000000026c3ee0, 0x00000000026c44c8]
Event: 2.229 Thread 0x0000000014806800 1960       4       java.util.HashMap::putVal (300 bytes)
Event: 2.246 Thread 0x0000000014806800 nmethod 1960 0x00000000026ca2d0 code [0x00000000026ca480, 0x00000000026cad30]
Event: 2.246 Thread 0x0000000014806800 1969       4       com.android.dex.EncodedValueCodec::writeUnsignedIntegralValue (66 bytes)
Event: 2.270 Thread 0x0000000014806800 nmethod 1969 0x00000000026cb350 code [0x00000000026cb4c0, 0x00000000026cbcd8]
Event: 2.270 Thread 0x0000000014806800 1946       4       com.android.dx.merge.DexMerger::transformCode (252 bytes)

GC Heap History (10 events):
Event: 1.645 GC heap before
{Heap before GC invocations=2 (full 0):
 PSYoungGen      total 18944K, used 18932K [0x00000000eab00000, 0x00000000ec000000, 0x0000000100000000)
  eden space 16384K, 100% used [0x00000000eab00000,0x00000000ebb00000,0x00000000ebb00000)
  from space 2560K, 99% used [0x00000000ebb00000,0x00000000ebd7d238,0x00000000ebd80000)
  to   space 2560K, 0% used [0x00000000ebd80000,0x00000000ebd80000,0x00000000ec000000)
 ParOldGen       total 44032K, used 2012K [0x00000000c0000000, 0x00000000c2b00000, 0x00000000eab00000)
  object space 44032K, 4% used [0x00000000c0000000,0x00000000c01f7378,0x00000000c2b00000)
 Metaspace       used 7079K, capacity 7640K, committed 7808K, reserved 1056768K
  class space    used 728K, capacity 784K, committed 896K, reserved 1048576K
Event: 1.652 GC heap after
Heap after GC invocations=2 (full 0):
 PSYoungGen      total 18944K, used 2535K [0x00000000eab00000, 0x00000000ec000000, 0x0000000100000000)
  eden space 16384K, 0% used [0x00000000eab00000,0x00000000eab00000,0x00000000ebb00000)
  from space 2560K, 99% used [0x00000000ebd80000,0x00000000ebff9cd0,0x00000000ec000000)
  to   space 2560K, 0% used [0x00000000ebb00000,0x00000000ebb00000,0x00000000ebd80000)
 ParOldGen       total 44032K, used 6118K [0x00000000c0000000, 0x00000000c2b00000, 0x00000000eab00000)
  object space 44032K, 13% used [0x00000000c0000000,0x00000000c05f9ac0,0x00000000c2b00000)
 Metaspace       used 7079K, capacity 7640K, committed 7808K, reserved 1056768K
  class space    used 728K, capacity 784K, committed 896K, reserved 1048576K
}
Event: 1.827 GC heap before
{Heap before GC invocations=3 (full 0):
 PSYoungGen      total 18944K, used 18919K [0x00000000eab00000, 0x00000000ec000000, 0x0000000100000000)
  eden space 16384K, 100% used [0x00000000eab00000,0x00000000ebb00000,0x00000000ebb00000)
  from space 2560K, 99% used [0x00000000ebd80000,0x00000000ebff9cd0,0x00000000ec000000)
  to   space 2560K, 0% used [0x00000000ebb00000,0x00000000ebb00000,0x00000000ebd80000)
 ParOldGen       total 44032K, used 6118K [0x00000000c0000000, 0x00000000c2b00000, 0x00000000eab00000)
  object space 44032K, 13% used [0x00000000c0000000,0x00000000c05f9ac0,0x00000000c2b00000)
 Metaspace       used 7194K, capacity 7768K, committed 8064K, reserved 1056768K
  class space    used 728K, capacity 784K, committed 896K, reserved 1048576K
Event: 1.834 GC heap after
Heap after GC invocations=3 (full 0):
 PSYoungGen      total 18944K, used 2547K [0x00000000eab00000, 0x00000000ed000000, 0x0000000100000000)
  eden space 16384K, 0% used [0x00000000eab00000,0x00000000eab00000,0x00000000ebb00000)
  from space 2560K, 99% used [0x00000000ebb00000,0x00000000ebd7ceb0,0x00000000ebd80000)
  to   space 2560K, 0% used [0x00000000ecd80000,0x00000000ecd80000,0x00000000ed000000)
 ParOldGen       total 44032K, used 8556K [0x00000000c0000000, 0x00000000c2b00000, 0x00000000eab00000)
  object space 44032K, 19% used [0x00000000c0000000,0x00000000c085b150,0x00000000c2b00000)
 Metaspace       used 7194K, capacity 7768K, committed 8064K, reserved 1056768K
  class space    used 728K, capacity 784K, committed 896K, reserved 1048576K
}
Event: 1.951 GC heap before
{Heap before GC invocations=4 (full 0):
 PSYoungGen      total 18944K, used 18931K [0x00000000eab00000, 0x00000000ed000000, 0x0000000100000000)
  eden space 16384K, 100% used [0x00000000eab00000,0x00000000ebb00000,0x00000000ebb00000)
  from space 2560K, 99% used [0x00000000ebb00000,0x00000000ebd7ceb0,0x00000000ebd80000)
  to   space 2560K, 0% used [0x00000000ecd80000,0x00000000ecd80000,0x00000000ed000000)
 ParOldGen       total 44032K, used 8556K [0x00000000c0000000, 0x00000000c2b00000, 0x00000000eab00000)
  object space 44032K, 19% used [0x00000000c0000000,0x00000000c085b150,0x00000000c2b00000)
 Metaspace       used 7223K, capacity 7768K, committed 8064K, reserved 1056768K
  class space    used 728K, capacity 784K, committed 896K, reserved 1048576K
Event: 1.964 GC heap after
Heap after GC invocations=4 (full 0):
 PSYoungGen      total 35328K, used 2474K [0x00000000eab00000, 0x00000000ed000000, 0x0000000100000000)
  eden space 32768K, 0% used [0x00000000eab00000,0x00000000eab00000,0x00000000ecb00000)
  from space 2560K, 96% used [0x00000000ecd80000,0x00000000ecfea9a8,0x00000000ed000000)
  to   space 2560K, 0% used [0x00000000ecb00000,0x00000000ecb00000,0x00000000ecd80000)
 ParOldGen       total 44032K, used 15925K [0x00000000c0000000, 0x00000000c2b00000, 0x00000000eab00000)
  object space 44032K, 36% used [0x00000000c0000000,0x00000000c0f8d6b0,0x00000000c2b00000)
 Metaspace       used 7223K, capacity 7768K, committed 8064K, reserved 1056768K
  class space    used 728K, capacity 784K, committed 896K, reserved 1048576K
}
Event: 2.132 GC heap before
{Heap before GC invocations=5 (full 0):
 PSYoungGen      total 35328K, used 35154K [0x00000000eab00000, 0x00000000ed000000, 0x0000000100000000)
  eden space 32768K, 99% used [0x00000000eab00000,0x00000000ecaea000,0x00000000ecb00000)
  from space 2560K, 96% used [0x00000000ecd80000,0x00000000ecfea9a8,0x00000000ed000000)
  to   space 2560K, 0% used [0x00000000ecb00000,0x00000000ecb00000,0x00000000ecd80000)
 ParOldGen       total 44032K, used 15925K [0x00000000c0000000, 0x00000000c2b00000, 0x00000000eab00000)
  object space 44032K, 36% used [0x00000000c0000000,0x00000000c0f8d6b0,0x00000000c2b00000)
 Metaspace       used 7241K, capacity 7768K, committed 8064K, reserved 1056768K
  class space    used 728K, capacity 784K, committed 896K, reserved 1048576K
Event: 2.138 GC heap after
Heap after GC invocations=5 (full 0):
 PSYoungGen      total 35328K, used 1778K [0x00000000eab00000, 0x00000000efa00000, 0x0000000100000000)
  eden space 32768K, 0% used [0x00000000eab00000,0x00000000eab00000,0x00000000ecb00000)
  from space 2560K, 69% used [0x00000000ecb00000,0x00000000eccbca10,0x00000000ecd80000)
  to   space 7680K, 0% used [0x00000000ef280000,0x00000000ef280000,0x00000000efa00000)
 ParOldGen       total 44032K, used 17327K [0x00000000c0000000, 0x00000000c2b00000, 0x00000000eab00000)
  object space 44032K, 39% used [0x00000000c0000000,0x00000000c10ebc40,0x00000000c2b00000)
 Metaspace       used 7241K, capacity 7768K, committed 8064K, reserved 1056768K
  class space    used 728K, capacity 784K, committed 896K, reserved 1048576K
}
Event: 2.260 GC heap before
{Heap before GC invocations=6 (full 0):
 PSYoungGen      total 35328K, used 34546K [0x00000000eab00000, 0x00000000efa00000, 0x0000000100000000)
  eden space 32768K, 100% used [0x00000000eab00000,0x00000000ecb00000,0x00000000ecb00000)
  from space 2560K, 69% used [0x00000000ecb00000,0x00000000eccbca10,0x00000000ecd80000)
  to   space 7680K, 0% used [0x00000000ef280000,0x00000000ef280000,0x00000000efa00000)
 ParOldGen       total 44032K, used 17327K [0x00000000c0000000, 0x00000000c2b00000, 0x00000000eab00000)
  object space 44032K, 39% used [0x00000000c0000000,0x00000000c10ebc40,0x00000000c2b00000)
 Metaspace       used 7262K, capacity 7768K, committed 8064K, reserved 1056768K
  class space    used 729K, capacity 784K, committed 896K, reserved 1048576K
Event: 2.269 GC heap after
Heap after GC invocations=6 (full 0):
 PSYoungGen      total 40448K, used 7005K [0x00000000eab00000, 0x00000000efa00000, 0x0000000100000000)
  eden space 32768K, 0% used [0x00000000eab00000,0x00000000eab00000,0x00000000ecb00000)
  from space 7680K, 91% used [0x00000000ef280000,0x00000000ef957680,0x00000000efa00000)
  to   space 2560K, 0% used [0x00000000ecb00000,0x00000000ecb00000,0x00000000ecd80000)
 ParOldGen       total 44032K, used 17327K [0x00000000c0000000, 0x00000000c2b00000, 0x00000000eab00000)
  object space 44032K, 39% used [0x00000000c0000000,0x00000000c10ebc40,0x00000000c2b00000)
 Metaspace       used 7262K, capacity 7768K, committed 8064K, reserved 1056768K
  class space    used 729K, capacity 784K, committed 896K, reserved 1048576K
}

Deoptimization events (10 events):
Event: 1.483 Thread 0x0000000001e9e000 Uncommon trap: reason=speculate_class_check action=maybe_recompile pc=0x000000000249f878 method=java.util.HashMap.putVal(ILjava/lang/Object;Ljava/lang/Object;ZZ)Ljava/lang/Object; @ 152
Event: 1.483 Thread 0x0000000001e9e000 Uncommon trap: reason=speculate_class_check action=maybe_recompile pc=0x000000000249f820 method=java.util.HashMap.putVal(ILjava/lang/Object;Ljava/lang/Object;ZZ)Ljava/lang/Object; @ 56
Event: 1.483 Thread 0x0000000001e9e000 Uncommon trap: reason=speculate_class_check action=maybe_recompile pc=0x000000000249f820 method=java.util.HashMap.putVal(ILjava/lang/Object;Ljava/lang/Object;ZZ)Ljava/lang/Object; @ 56
Event: 1.483 Thread 0x0000000001e9e000 Uncommon trap: reason=class_check action=maybe_recompile pc=0x00000000024a3bc4 method=java.util.HashMap.putVal(ILjava/lang/Object;Ljava/lang/Object;ZZ)Ljava/lang/Object; @ 56
Event: 1.483 Thread 0x0000000001e9e000 Uncommon trap: reason=class_check action=maybe_recompile pc=0x00000000024a3bc4 method=java.util.HashMap.putVal(ILjava/lang/Object;Ljava/lang/Object;ZZ)Ljava/lang/Object; @ 56
Event: 1.573 Thread 0x0000000001e9e000 Uncommon trap: reason=unstable_if action=reinterpret pc=0x0000000002524130 method=java.util.HashMap.putVal(ILjava/lang/Object;Ljava/lang/Object;ZZ)Ljava/lang/Object; @ 162
Event: 1.573 Thread 0x0000000001e9e000 Uncommon trap: reason=unstable_if action=reinterpret pc=0x000000000251d3fc method=java.util.HashMap.putVal(ILjava/lang/Object;Ljava/lang/Object;ZZ)Ljava/lang/Object; @ 162
Event: 1.662 Thread 0x0000000001e9e000 Uncommon trap: reason=predicate action=maybe_recompile pc=0x00000000025aa764 method=com.android.dex.Leb128.readUnsignedLeb128(Lcom/android/dex/util/ByteInput;)I @ 41
Event: 1.681 Thread 0x0000000001e9e000 Uncommon trap: reason=unstable_if action=reinterpret pc=0x000000000248f400 method=java.util.HashMap.getNode(ILjava/lang/Object;)Ljava/util/HashMap$Node; @ 84
Event: 1.681 Thread 0x0000000001e9e000 Uncommon trap: reason=unstable_if action=reinterpret pc=0x00000000024ff464 method=java.util.HashMap.getNode(ILjava/lang/Object;)Ljava/util/HashMap$Node; @ 84

Internal exceptions (2 events):
Event: 0.089 Thread 0x0000000001e9e000 Exception <a 'java/lang/NoSuchMethodError': Method sun.misc.Unsafe.defineClass(Ljava/lang/String;[BII)Ljava/lang/Class; name or signature does not match> (0x00000000eab12c30) thrown at [D:\re\workspace\8-2-build-windows-amd64-cygwin\jdk8u40\3098\hotspot\srñèï∫∂?
Event: 0.089 Thread 0x0000000001e9e000 Exception <a 'java/lang/NoSuchMethodError': Method sun.misc.Unsafe.prefetchRead(Ljava/lang/Object;J)V name or signature does not match> (0x00000000eab12ec0) thrown at [D:\re\workspace\8-2-build-windows-amd64-cygwin\jdk8u40\3098\hotspot\src\share\vm\prims\j

Events (10 events):
Event: 2.071 Thread 0x0000000001e9e000 DEOPT PACKING pc=0x00000000025d8346 sp=0x0000000001faed40
Event: 2.071 Thread 0x0000000001e9e000 DEOPT UNPACKING pc=0x000000000210787f sp=0x0000000001faea60 mode 0
Event: 2.075 Thread 0x0000000001e9e000 DEOPT PACKING pc=0x00000000025d8346 sp=0x0000000001faed40
Event: 2.075 Thread 0x0000000001e9e000 DEOPT UNPACKING pc=0x000000000210787f sp=0x0000000001faea60 mode 0
Event: 2.132 Executing VM operation: ParallelGCFailedAllocation
Event: 2.139 Executing VM operation: ParallelGCFailedAllocation done
Event: 2.140 loading class com/android/dex/Dex$1
Event: 2.140 loading class com/android/dex/Dex$1 done
Event: 2.260 Executing VM operation: ParallelGCFailedAllocation
Event: 2.269 Executing VM operation: ParallelGCFailedAllocation done


Dynamic libraries:
0x00007ff705ea0000 - 0x00007ff705ed7000 	C:\Program Files\Java\jdk1.8.0_40\bin\java.exe
0x00007ffc9c9d0000 - 0x00007ffc9cb7c000 	C:\Windows\SYSTEM32\ntdll.dll
0x00007ffc9b860000 - 0x00007ffc9b99e000 	C:\Windows\system32\KERNEL32.DLL
0x00007ffc99ee0000 - 0x00007ffc99ff5000 	C:\Windows\system32\KERNELBASE.dll
0x00007ffc986d0000 - 0x00007ffc9875e000 	C:\Windows\system32\apphelp.dll
0x00007ffc95210000 - 0x00007ffc95263000 	C:\Windows\AppPatch\AppPatch64\AcGenral.DLL
0x00007ffc9c580000 - 0x00007ffc9c62a000 	C:\Windows\system32\msvcrt.dll
0x00007ffc99900000 - 0x00007ffc9992e000 	C:\Windows\SYSTEM32\SspiCli.dll
0x00007ffc9bfc0000 - 0x00007ffc9c014000 	C:\Windows\system32\SHLWAPI.dll
0x00007ffc9b6e0000 - 0x00007ffc9b857000 	C:\Windows\system32\USER32.dll
0x00007ffc9c060000 - 0x00007ffc9c1f4000 	C:\Windows\system32\ole32.dll
0x00007ffc9a060000 - 0x00007ffc9b579000 	C:\Windows\system32\SHELL32.dll
0x00007ffc990d0000 - 0x00007ffc990f1000 	C:\Windows\SYSTEM32\USERENV.dll
0x00007ffc9c280000 - 0x00007ffc9c32a000 	C:\Windows\system32\ADVAPI32.dll
0x00007ffc90d60000 - 0x00007ffc90d7e000 	C:\Windows\SYSTEM32\MPR.dll
0x00007ffc9c630000 - 0x00007ffc9c771000 	C:\Windows\system32\RPCRT4.dll
0x00007ffc9bd50000 - 0x00007ffc9bda9000 	C:\Windows\SYSTEM32\sechost.dll
0x00007ffc9c7a0000 - 0x00007ffc9c9b1000 	C:\Windows\SYSTEM32\combase.dll
0x00007ffc9bdb0000 - 0x00007ffc9beff000 	C:\Windows\system32\GDI32.dll
0x00007ffc99b30000 - 0x00007ffc99b45000 	C:\Windows\SYSTEM32\profapi.dll
0x00007ffc980a0000 - 0x00007ffc98152000 	C:\Windows\SYSTEM32\SHCORE.dll
0x00007ffc9c020000 - 0x00007ffc9c056000 	C:\Windows\system32\IMM32.DLL
0x00007ffc9b580000 - 0x00007ffc9b6d2000 	C:\Windows\system32\MSCTF.dll
0x00007ffc977f0000 - 0x00007ffc97a6a000 	C:\Windows\WinSxS\amd64_microsoft.windows.common-controls_6595b64144ccf1df_6.0.9600.17810_none_6240b9c7ecbd0bda\COMCTL32.dll
0x0000000071fc0000 - 0x0000000072092000 	C:\Program Files\Java\jdk1.8.0_40\jre\bin\msvcr100.dll
0x0000000072430000 - 0x0000000072cb3000 	C:\Program Files\Java\jdk1.8.0_40\jre\bin\server\jvm.dll
0x00007ffc98900000 - 0x00007ffc98909000 	C:\Windows\SYSTEM32\WSOCK32.dll
0x00007ffc96220000 - 0x00007ffc96242000 	C:\Windows\SYSTEM32\WINMM.dll
0x00007ffc976a0000 - 0x00007ffc976aa000 	C:\Windows\SYSTEM32\VERSION.dll
0x00007ffc9c780000 - 0x00007ffc9c787000 	C:\Windows\system32\PSAPI.DLL
0x00007ffc9c220000 - 0x00007ffc9c27a000 	C:\Windows\system32\WS2_32.dll
0x00007ffc95940000 - 0x00007ffc9596a000 	C:\Windows\SYSTEM32\WINMMBASE.dll
0x00007ffc9ba00000 - 0x00007ffc9ba09000 	C:\Windows\system32\NSI.dll
0x00007ffc99e90000 - 0x00007ffc99edf000 	C:\Windows\SYSTEM32\cfgmgr32.dll
0x00007ffc98950000 - 0x00007ffc98978000 	C:\Windows\SYSTEM32\DEVOBJ.dll
0x0000000072420000 - 0x000000007242f000 	C:\Program Files\Java\jdk1.8.0_40\jre\bin\verify.dll
0x00000000723f0000 - 0x0000000072419000 	C:\Program Files\Java\jdk1.8.0_40\jre\bin\java.dll
0x00000000723d0000 - 0x00000000723e6000 	C:\Program Files\Java\jdk1.8.0_40\jre\bin\zip.dll

VM Arguments:
jvm_args: -Xmx1024M -Dfile.encoding=windows-1256 -Duser.country=US -Duser.language=en -Duser.variant 
java_command: com.android.dx.command.Main --dex --num-threads=4 --output S:\WorkSpaces\Android\Bloodonation\app\build\intermediates\dex\debug S:\WorkSpaces\Android\Bloodonation\app\build\intermediates\classes\debug S:\WorkSpaces\Android\Bloodonation\app\build\intermediates\pre-dexed\debug\support-annotations-23.0.0-d74067933e9082b57a1a1e1081d181b5b2ea749e.jar S:\WorkSpaces\Android\Bloodonation\app\build\intermediates\pre-dexed\debug\bolts-android-1.2.1-49ad179fc5eacc8f5f1a764bc70539d3fc19d434.jar S:\WorkSpaces\Android\Bloodonation\app\build\intermediates\pre-dexed\debug\internal_impl-23.0.0-b684f43b844c82523050d251d031e57255d01b22.jar S:\WorkSpaces\Android\Bloodonation\app\build\intermediates\pre-dexed\debug\classes-68722eccc4f0a2453d34291ad00f1c7c3498fd31.jar S:\WorkSpaces\Android\Bloodonation\app\build\intermediates\pre-dexed\debug\Parse-1.10.1-2bdf320cc4389aed233462875d871ec69d8dcec3.jar S:\WorkSpaces\Android\Bloodonation\app\build\intermediates\pre-dexed\debug\classes-3ef036e37766e79630d2478eaa70377e1877123a.jar
java_class_path (initial): C:\Users\Laila Maher\AppData\Local\Android\android-sdk\build-tools\23.0.0\lib\dx.jar
Launcher Type: SUN_STANDARD

Environment Variables:
JAVA_HOME=C:\Program Files\Java\jdk1.8.0_40
PATH=C:\Program Files (x86)\AMD APP\bin\x86_64;C:\Program Files (x86)\AMD APP\bin\x86;C:\ProgramData\Oracle\Java\javapath;C:\Windows\system32;C:\Windows;C:\Windows\System32\Wbem;C:\Windows\System32\WindowsPowerShell\v1.0\;C:\Program Files (x86)\ATI Technologies\ATI.ACE\Core-Static;C:\Program Files\Microsoft SQL Server\110\Tools\Binn\;C:\Program Files (x86)\Skype\Phone\;C:\apache-ant-1.9.4\bin;C:\Program Files\Java\jdk1.8.0_40\bin;C:\Git\bin;C:\altera\13.0sp1\modelsim_ase\win32aloem
USERNAME=Laila Maher
OS=Windows_NT
PROCESSOR_IDENTIFIER=Intel64 Family 6 Model 58 Stepping 9, GenuineIntel



---------------  S Y S T E M  ---------------

OS: Windows 8.1 , 64 bit Build 9600 (6.3.9600.17415)

CPU:total 4 (2 cores per cpu, 2 threads per core) family 6 model 58 stepping 9, cmov, cx8, fxsr, mmx, sse, sse2, sse3, ssse3, sse4.1, sse4.2, popcnt, avx, aes, clmul, erms, ht, tsc, tscinvbit, tscinv

Memory: 4k page, physical 4078952k(477400k free), swap 4078952k(5084k free)

vm_info: Java HotSpot(TM) 64-Bit Server VM (25.40-b25) for windows-amd64 JRE (1.8.0_40-b26), built on Mar  7 2015 13:51:59 by "java_re" with MS VC++ 10.0 (VS2010)

time: Wed Sep 30 18:49:41 2015
elapsed time: 2 seconds (0d 0h 0m 2s)

